<?xml version="1.0" encoding="UTF-8"?>
<!-- Generated by org.testng.reporters.JUnitReportReporter -->
<testsuite skipped="0" hostname="CHNMCT296559L" name="seleniumTest.Testcase" tests="1" failures="0" timestamp="20 Jan 2021 08:11:38 GMT" time="5.973" errors="0">
  <testcase name="Test001" time="5.973" classname="seleniumTest.Testcase"/>
</testsuite> <!-- seleniumTest.Testcase -->
