<?xml version="1.0" encoding="UTF-8"?>
<!-- Generated by org.testng.reporters.JUnitReportReporter -->
<testsuite skipped="0" hostname="CHNMCT296559L" name="testCase.AutomationPractice" tests="2" failures="0" timestamp="21 Jan 2021 12:02:44 GMT" time="13.747" errors="0">
  <testcase name="Test01" time="8.944" classname="testCase.AutomationPractice"/>
  <testcase name="Test02" time="4.803" classname="testCase.AutomationPractice"/>
</testsuite> <!-- testCase.AutomationPractice -->
