<?xml version="1.0" encoding="UTF-8"?>
<!-- Generated by org.testng.reporters.JUnitReportReporter -->
<testsuite skipped="0" hostname="CHNMCT296559L" name="testCase.TestAutomation" tests="4" failures="0" timestamp="21 Jan 2021 16:46:37 GMT" time="23.949" errors="0">
  <testcase name="Test02" time="2.043" classname="testCase.TestAutomation"/>
  <testcase name="Test01" time="4.241" classname="testCase.TestAutomation"/>
  <testcase name="Test03" time="13.572" classname="testCase.TestAutomation"/>
  <testcase name="Test04" time="4.093" classname="testCase.TestAutomation"/>
</testsuite> <!-- testCase.TestAutomation -->
