<?xml version="1.0" encoding="UTF-8"?>
<!-- Generated by org.testng.reporters.JUnitReportReporter -->
<testsuite skipped="0" hostname="CHNMCT296559L" name="setup_package.Setup" tests="1" failures="0" timestamp="19 Jan 2021 19:14:41 GMT" time="8.187" errors="0">
  <testcase name="Test001" time="8.187" classname="setup_package.Setup"/>
</testsuite> <!-- setup_package.Setup -->
